# JRE version: Java(TM) SE Runtime Environment (8.0_92-b14) (build 1.8.0_92-b14)
# Java VM: Java HotSpot(TM) 64-Bit Server VM (25.92-b14 mixed mode windows-amd64 compressed oops)
Heap:
 PSYoungGen      total 108544K, used 12626K [0x00000000eaf80000, 0x00000000f2080000, 0x0000000100000000)
  eden space 101376K, 11% used [0x00000000eaf80000,0x00000000ebb54a90,0x00000000f1280000)
  from space 7168K, 7% used [0x00000000f1980000,0x00000000f1a00010,0x00000000f2080000)
  to   space 7168K, 0% used [0x00000000f1280000,0x00000000f1280000,0x00000000f1980000)
 ParOldGen       total 30720K, used 11726K [0x00000000c0e00000, 0x00000000c2c00000, 0x00000000eaf80000)
  object space 30720K, 38% used [0x00000000c0e00000,0x00000000c1973b40,0x00000000c2c00000)
 Metaspace       used 23022K, capacity 23372K, committed 23424K, reserved 1069056K
  class space    used 3033K, capacity 3167K, committed 3200K, reserved 1048576K
GC Heap History (10 events):
Event: 18.212 GC heap before
{Heap before GC invocations=13 (full 0):
 PSYoungGen      total 49152K, used 22443K [0x00000000eaf80000, 0x00000000ee680000, 0x0000000100000000)
  eden space 41984K, 53% used [0x00000000eaf80000,0x00000000ec542f20,0x00000000ed880000)
  from space 7168K, 2% used [0x00000000edf80000,0x00000000edfa8000,0x00000000ee680000)
  to   space 7168K, 0% used [0x00000000ed880000,0x00000000ed880000,0x00000000edf80000)
 ParOldGen       total 44032K, used 13716K [0x00000000c0e00000, 0x00000000c3900000, 0x00000000eaf80000)
  object space 44032K, 31% used [0x00000000c0e00000,0x00000000c1b65038,0x00000000c3900000)
 Metaspace       used 20947K, capacity 21172K, committed 21296K, reserved 1067008K
  class space    used 2770K, capacity 2890K, committed 2944K, reserved 1048576K
Event: 18.214 GC heap after
Heap after GC invocations=13 (full 0):
 PSYoungGen      total 49152K, used 3035K [0x00000000eaf80000, 0x00000000eff80000, 0x0000000100000000)
  eden space 41984K, 0% used [0x00000000eaf80000,0x00000000eaf80000,0x00000000ed880000)
  from space 7168K, 42% used [0x00000000ed880000,0x00000000edb76cc0,0x00000000edf80000)
  to   space 7168K, 0% used [0x00000000ef880000,0x00000000ef880000,0x00000000eff80000)
 ParOldGen       total 44032K, used 13844K [0x00000000c0e00000, 0x00000000c3900000, 0x00000000eaf80000)
  object space 44032K, 31% used [0x00000000c0e00000,0x00000000c1b85038,0x00000000c3900000)
 Metaspace       used 20947K, capacity 21172K, committed 21296K, reserved 1067008K
  class space    used 2770K, capacity 2890K, committed 2944K, reserved 1048576K
}
Event: 18.214 GC heap before
{Heap before GC invocations=14 (full 1):
 PSYoungGen      total 49152K, used 3035K [0x00000000eaf80000, 0x00000000eff80000, 0x0000000100000000)
  eden space 41984K, 0% used [0x00000000eaf80000,0x00000000eaf80000,0x00000000ed880000)
  from space 7168K, 42% used [0x00000000ed880000,0x00000000edb76cc0,0x00000000edf80000)
  to   space 7168K, 0% used [0x00000000ef880000,0x00000000ef880000,0x00000000eff80000)
 ParOldGen       total 44032K, used 13844K [0x00000000c0e00000, 0x00000000c3900000, 0x00000000eaf80000)
  object space 44032K, 31% used [0x00000000c0e00000,0x00000000c1b85038,0x00000000c3900000)
 Metaspace       used 20947K, capacity 21172K, committed 21296K, reserved 1067008K
  class space    used 2770K, capacity 2890K, committed 2944K, reserved 1048576K
Event: 18.259 GC heap after
Heap after GC invocations=14 (full 1):
 PSYoungGen      total 49152K, used 0K [0x00000000eaf80000, 0x00000000eff80000, 0x0000000100000000)
  eden space 41984K, 0% used [0x00000000eaf80000,0x00000000eaf80000,0x00000000ed880000)
  from space 7168K, 0% used [0x00000000ed880000,0x00000000ed880000,0x00000000edf80000)
  to   space 7168K, 0% used [0x00000000ef880000,0x00000000ef880000,0x00000000eff80000)
 ParOldGen       total 30720K, used 9455K [0x00000000c0e00000, 0x00000000c2c00000, 0x00000000eaf80000)
  object space 30720K, 30% used [0x00000000c0e00000,0x00000000c173bd50,0x00000000c2c00000)
 Metaspace       used 20947K, capacity 21172K, committed 21296K, reserved 1067008K
  class space    used 2770K, capacity 2890K, committed 2944K, reserved 1048576K
}
Event: 18.751 GC heap before
{Heap before GC invocations=15 (full 1):
 PSYoungGen      total 49152K, used 41984K [0x00000000eaf80000, 0x00000000eff80000, 0x0000000100000000)
  eden space 41984K, 100% used [0x00000000eaf80000,0x00000000ed880000,0x00000000ed880000)
  from space 7168K, 0% used [0x00000000ed880000,0x00000000ed880000,0x00000000edf80000)
  to   space 7168K, 0% used [0x00000000ef880000,0x00000000ef880000,0x00000000eff80000)
 ParOldGen       total 30720K, used 9455K [0x00000000c0e00000, 0x00000000c2c00000, 0x00000000eaf80000)
  object space 30720K, 30% used [0x00000000c0e00000,0x00000000c173bd50,0x00000000c2c00000)
 Metaspace       used 22638K, capacity 22882K, committed 23168K, reserved 1069056K
  class space    used 2974K, capacity 3094K, committed 3200K, reserved 1048576K
Event: 18.758 GC heap after
Heap after GC invocations=15 (full 1):
 PSYoungGen      total 70656K, used 3790K [0x00000000eaf80000, 0x00000000efd80000, 0x0000000100000000)
  eden space 65536K, 0% used [0x00000000eaf80000,0x00000000eaf80000,0x00000000eef80000)
  from space 5120K, 74% used [0x00000000ef880000,0x00000000efc33af8,0x00000000efd80000)
  to   space 7168K, 0% used [0x00000000eef80000,0x00000000eef80000,0x00000000ef680000)
 ParOldGen       total 30720K, used 9463K [0x00000000c0e00000, 0x00000000c2c00000, 0x00000000eaf80000)
  object space 30720K, 30% used [0x00000000c0e00000,0x00000000c173dd50,0x00000000c2c00000)
 Metaspace       used 22638K, capacity 22882K, committed 23168K, reserved 1069056K
  class space    used 2974K, capacity 3094K, committed 3200K, reserved 1048576K
}
Event: 18.870 GC heap before
{Heap before GC invocations=16 (full 1):
 PSYoungGen      total 70656K, used 69326K [0x00000000eaf80000, 0x00000000efd80000, 0x0000000100000000)
  eden space 65536K, 100% used [0x00000000eaf80000,0x00000000eef80000,0x00000000eef80000)
  from space 5120K, 74% used [0x00000000ef880000,0x00000000efc33af8,0x00000000efd80000)
  to   space 7168K, 0% used [0x00000000eef80000,0x00000000eef80000,0x00000000ef680000)
 ParOldGen       total 30720K, used 9463K [0x00000000c0e00000, 0x00000000c2c00000, 0x00000000eaf80000)
  object space 30720K, 30% used [0x00000000c0e00000,0x00000000c173dd50,0x00000000c2c00000)
 Metaspace       used 22639K, capacity 22882K, committed 23168K, reserved 1069056K
  class space    used 2974K, capacity 3094K, committed 3200K, reserved 1048576K
Event: 18.872 GC heap after
Heap after GC invocations=16 (full 1):
 PSYoungGen      total 72704K, used 384K [0x00000000eaf80000, 0x00000000f2080000, 0x0000000100000000)
  eden space 65536K, 0% used [0x00000000eaf80000,0x00000000eaf80000,0x00000000eef80000)
  from space 7168K, 5% used [0x00000000eef80000,0x00000000eefe0000,0x00000000ef680000)
  to   space 7168K, 0% used [0x00000000f1980000,0x00000000f1980000,0x00000000f2080000)
 ParOldGen       total 30720K, used 11422K [0x00000000c0e00000, 0x00000000c2c00000, 0x00000000eaf80000)
  object space 30720K, 37% used [0x00000000c0e00000,0x00000000c1927b40,0x00000000c2c00000)
 Metaspace       used 22639K, capacity 22882K, committed 23168K, reserved 1069056K
  class space    used 2974K, capacity 3094K, committed 3200K, reserved 1048576K
}
Event: 18.962 GC heap before
{Heap before GC invocations=17 (full 1):
 PSYoungGen      total 72704K, used 65920K [0x00000000eaf80000, 0x00000000f2080000, 0x0000000100000000)
  eden space 65536K, 100% used [0x00000000eaf80000,0x00000000eef80000,0x00000000eef80000)
  from space 7168K, 5% used [0x00000000eef80000,0x00000000eefe0000,0x00000000ef680000)
  to   space 7168K, 0% used [0x00000000f1980000,0x00000000f1980000,0x00000000f2080000)
 ParOldGen       total 30720K, used 11422K [0x00000000c0e00000, 0x00000000c2c00000, 0x00000000eaf80000)
  object space 30720K, 37% used [0x00000000c0e00000,0x00000000c1927b40,0x00000000c2c00000)
 Metaspace       used 22644K, capacity 22882K, committed 23168K, reserved 1069056K
  class space    used 2974K, capacity 3094K, committed 3200K, reserved 1048576K
Event: 18.964 GC heap after
Heap after GC invocations=17 (full 1):
 PSYoungGen      total 108544K, used 512K [0x00000000eaf80000, 0x00000000f2080000, 0x0000000100000000)
  eden space 101376K, 0% used [0x00000000eaf80000,0x00000000eaf80000,0x00000000f1280000)
  from space 7168K, 7% used [0x00000000f1980000,0x00000000f1a00010,0x00000000f2080000)
  to   space 7168K, 0% used [0x00000000f1280000,0x00000000f1280000,0x00000000f1980000)
 ParOldGen       total 30720K, used 11726K [0x00000000c0e00000, 0x00000000c2c00000, 0x00000000eaf80000)
  object space 30720K, 38% used [0x00000000c0e00000,0x00000000c1973b40,0x00000000c2c00000)
 Metaspace       used 22644K, capacity 22882K, committed 23168K, reserved 1069056K
  class space    used 2974K, capacity 3094K, committed 3200K, reserved 1048576K
}

